Analysis & Synthesis report for Temporizador
Fri Jan 24 20:15:07 2025
Quartus II 64-Bit Version 13.0.1 Build 232 06/12/2013 Service Pack 1 SJ Web Edition


---------------------
; Table of Contents ;
---------------------
  1. Legal Notice
  2. Analysis & Synthesis Summary
  3. Analysis & Synthesis Settings
  4. Parallel Compilation
  5. Analysis & Synthesis Source Files Read
  6. Analysis & Synthesis Resource Usage Summary
  7. Analysis & Synthesis Resource Utilization by Entity
  8. User-Specified and Inferred Latches
  9. Registers Removed During Synthesis
 10. General Register Statistics
 11. Inverted Register Statistics
 12. Multiplexer Restructuring Statistics (Restructuring Performed)
 13. Parameter Settings for User Entity Instance: Top-level Entity: |Temporizador
 14. Elapsed Time Per Partition
 15. Analysis & Synthesis Messages



----------------
; Legal Notice ;
----------------
Copyright (C) 1991-2013 Altera Corporation
Your use of Altera Corporation's design tools, logic functions 
and other software and tools, and its AMPP partner logic 
functions, and any output files from any of the foregoing 
(including device programming or simulation files), and any 
associated documentation or information are expressly subject 
to the terms and conditions of the Altera Program License 
Subscription Agreement, Altera MegaCore Function License 
Agreement, or other applicable license agreement, including, 
without limitation, that your use is for the sole purpose of 
programming logic devices manufactured by Altera and sold by 
Altera or its authorized distributors.  Please refer to the 
applicable agreement for further details.



+--------------------------------------------------------------------------------------+
; Analysis & Synthesis Summary                                                         ;
+------------------------------------+-------------------------------------------------+
; Analysis & Synthesis Status        ; Successful - Fri Jan 24 20:15:07 2025           ;
; Quartus II 64-Bit Version          ; 13.0.1 Build 232 06/12/2013 SP 1 SJ Web Edition ;
; Revision Name                      ; Temporizador                                    ;
; Top-level Entity Name              ; temporizador                                    ;
; Family                             ; Cyclone II                                      ;
; Total logic elements               ; 114                                             ;
;     Total combinational functions  ; 114                                             ;
;     Dedicated logic registers      ; 40                                              ;
; Total registers                    ; 40                                              ;
; Total pins                         ; 16                                              ;
; Total virtual pins                 ; 0                                               ;
; Total memory bits                  ; 0                                               ;
; Embedded Multiplier 9-bit elements ; 0                                               ;
; Total PLLs                         ; 0                                               ;
+------------------------------------+-------------------------------------------------+


+----------------------------------------------------------------------------------------------------------------------+
; Analysis & Synthesis Settings                                                                                        ;
+----------------------------------------------------------------------------+--------------------+--------------------+
; Option                                                                     ; Setting            ; Default Value      ;
+----------------------------------------------------------------------------+--------------------+--------------------+
; Device                                                                     ; EP2C35F672C6       ;                    ;
; Top-level entity name                                                      ; Temporizador       ; Temporizador       ;
; Family name                                                                ; Cyclone II         ; Cyclone IV GX      ;
; Use smart compilation                                                      ; Off                ; Off                ;
; Enable parallel Assembler and TimeQuest Timing Analyzer during compilation ; On                 ; On                 ;
; Enable compact report table                                                ; Off                ; Off                ;
; Restructure Multiplexers                                                   ; Auto               ; Auto               ;
; Create Debugging Nodes for IP Cores                                        ; Off                ; Off                ;
; Preserve fewer node names                                                  ; On                 ; On                 ;
; Disable OpenCore Plus hardware evaluation                                  ; Off                ; Off                ;
; Verilog Version                                                            ; Verilog_2001       ; Verilog_2001       ;
; VHDL Version                                                               ; VHDL_1993          ; VHDL_1993          ;
; State Machine Processing                                                   ; Auto               ; Auto               ;
; Safe State Machine                                                         ; Off                ; Off                ;
; Extract Verilog State Machines                                             ; On                 ; On                 ;
; Extract VHDL State Machines                                                ; On                 ; On                 ;
; Ignore Verilog initial constructs                                          ; Off                ; Off                ;
; Iteration limit for constant Verilog loops                                 ; 5000               ; 5000               ;
; Iteration limit for non-constant Verilog loops                             ; 250                ; 250                ;
; Add Pass-Through Logic to Inferred RAMs                                    ; On                 ; On                 ;
; Infer RAMs from Raw Logic                                                  ; On                 ; On                 ;
; Parallel Synthesis                                                         ; On                 ; On                 ;
; DSP Block Balancing                                                        ; Auto               ; Auto               ;
; NOT Gate Push-Back                                                         ; On                 ; On                 ;
; Power-Up Don't Care                                                        ; On                 ; On                 ;
; Remove Redundant Logic Cells                                               ; Off                ; Off                ;
; Remove Duplicate Registers                                                 ; On                 ; On                 ;
; Ignore CARRY Buffers                                                       ; Off                ; Off                ;
; Ignore CASCADE Buffers                                                     ; Off                ; Off                ;
; Ignore GLOBAL Buffers                                                      ; Off                ; Off                ;
; Ignore ROW GLOBAL Buffers                                                  ; Off                ; Off                ;
; Ignore LCELL Buffers                                                       ; Off                ; Off                ;
; Ignore SOFT Buffers                                                        ; On                 ; On                 ;
; Limit AHDL Integers to 32 Bits                                             ; Off                ; Off                ;
; Optimization Technique                                                     ; Balanced           ; Balanced           ;
; Carry Chain Length                                                         ; 70                 ; 70                 ;
; Auto Carry Chains                                                          ; On                 ; On                 ;
; Auto Open-Drain Pins                                                       ; On                 ; On                 ;
; Perform WYSIWYG Primitive Resynthesis                                      ; Off                ; Off                ;
; Auto ROM Replacement                                                       ; On                 ; On                 ;
; Auto RAM Replacement                                                       ; On                 ; On                 ;
; Auto Shift Register Replacement                                            ; Auto               ; Auto               ;
; Allow Shift Register Merging across Hierarchies                            ; Auto               ; Auto               ;
; Auto Clock Enable Replacement                                              ; On                 ; On                 ;
; Strict RAM Replacement                                                     ; Off                ; Off                ;
; Allow Synchronous Control Signals                                          ; On                 ; On                 ;
; Force Use of Synchronous Clear Signals                                     ; Off                ; Off                ;
; Auto RAM to Logic Cell Conversion                                          ; Off                ; Off                ;
; Auto Resource Sharing                                                      ; Off                ; Off                ;
; Allow Any RAM Size For Recognition                                         ; Off                ; Off                ;
; Allow Any ROM Size For Recognition                                         ; Off                ; Off                ;
; Allow Any Shift Register Size For Recognition                              ; Off                ; Off                ;
; Use LogicLock Constraints during Resource Balancing                        ; On                 ; On                 ;
; Ignore translate_off and synthesis_off directives                          ; Off                ; Off                ;
; Timing-Driven Synthesis                                                    ; Off                ; Off                ;
; Report Parameter Settings                                                  ; On                 ; On                 ;
; Report Source Assignments                                                  ; On                 ; On                 ;
; Report Connectivity Checks                                                 ; On                 ; On                 ;
; Ignore Maximum Fan-Out Assignments                                         ; Off                ; Off                ;
; Synchronization Register Chain Length                                      ; 2                  ; 2                  ;
; PowerPlay Power Optimization                                               ; Normal compilation ; Normal compilation ;
; HDL message level                                                          ; Level2             ; Level2             ;
; Suppress Register Optimization Related Messages                            ; Off                ; Off                ;
; Number of Removed Registers Reported in Synthesis Report                   ; 5000               ; 5000               ;
; Number of Swept Nodes Reported in Synthesis Report                         ; 5000               ; 5000               ;
; Number of Inverted Registers Reported in Synthesis Report                  ; 100                ; 100                ;
; Clock MUX Protection                                                       ; On                 ; On                 ;
; Auto Gated Clock Conversion                                                ; Off                ; Off                ;
; Block Design Naming                                                        ; Auto               ; Auto               ;
; SDC constraint protection                                                  ; Off                ; Off                ;
; Synthesis Effort                                                           ; Auto               ; Auto               ;
; Shift Register Replacement - Allow Asynchronous Clear Signal               ; On                 ; On                 ;
; Pre-Mapping Resynthesis Optimization                                       ; Off                ; Off                ;
; Analysis & Synthesis Message Level                                         ; Medium             ; Medium             ;
; Disable Register Merging Across Hierarchies                                ; Auto               ; Auto               ;
; Resource Aware Inference For Block RAM                                     ; On                 ; On                 ;
; Synthesis Seed                                                             ; 1                  ; 1                  ;
+----------------------------------------------------------------------------+--------------------+--------------------+


Parallel compilation was disabled, but you have multiple processors available. Enable parallel compilation to reduce compilation time.
+-------------------------------------+
; Parallel Compilation                ;
+----------------------------+--------+
; Processors                 ; Number ;
+----------------------------+--------+
; Number detected on machine ; 12     ;
; Maximum allowed            ; 1      ;
+----------------------------+--------+


+------------------------------------------------------------------------------------------------------------------------------------------------------------------------------------------------------+
; Analysis & Synthesis Source Files Read                                                                                                                                                               ;
+----------------------------------+-----------------+-----------------+---------------------------------------------------------------------------------------------------------------------+---------+
; File Name with User-Entered Path ; Used in Netlist ; File Type       ; File Name with Absolute Path                                                                                        ; Library ;
+----------------------------------+-----------------+-----------------+---------------------------------------------------------------------------------------------------------------------+---------+
; Temporizador.vhd                 ; yes             ; User VHDL File  ; C:/Users/amand/Documents/GitHub/controle-maquina-de-lavar/Trabalho Final/Temporizador/Temporizador/Temporizador.vhd ;         ;
+----------------------------------+-----------------+-----------------+---------------------------------------------------------------------------------------------------------------------+---------+


+-----------------------------------------------------+
; Analysis & Synthesis Resource Usage Summary         ;
+---------------------------------------------+-------+
; Resource                                    ; Usage ;
+---------------------------------------------+-------+
; Estimated Total logic elements              ; 114   ;
;                                             ;       ;
; Total combinational functions               ; 114   ;
; Logic element usage by number of LUT inputs ;       ;
;     -- 4 input functions                    ; 32    ;
;     -- 3 input functions                    ; 13    ;
;     -- <=2 input functions                  ; 69    ;
;                                             ;       ;
; Logic elements by mode                      ;       ;
;     -- normal mode                          ; 83    ;
;     -- arithmetic mode                      ; 31    ;
;                                             ;       ;
; Total registers                             ; 40    ;
;     -- Dedicated logic registers            ; 40    ;
;     -- I/O registers                        ; 0     ;
;                                             ;       ;
; I/O pins                                    ; 16    ;
; Embedded Multiplier 9-bit elements          ; 0     ;
; Maximum fan-out node                        ; clock ;
; Maximum fan-out                             ; 40    ;
; Total fan-out                               ; 463   ;
; Average fan-out                             ; 2.72  ;
+---------------------------------------------+-------+


+-----------------------------------------------------------------------------------------------------------------------------------------------------------------------------+
; Analysis & Synthesis Resource Utilization by Entity                                                                                                                         ;
+----------------------------+-------------------+--------------+-------------+--------------+---------+-----------+------+--------------+---------------------+--------------+
; Compilation Hierarchy Node ; LC Combinationals ; LC Registers ; Memory Bits ; DSP Elements ; DSP 9x9 ; DSP 18x18 ; Pins ; Virtual Pins ; Full Hierarchy Name ; Library Name ;
+----------------------------+-------------------+--------------+-------------+--------------+---------+-----------+------+--------------+---------------------+--------------+
; |temporizador              ; 114 (114)         ; 40 (40)      ; 0           ; 0            ; 0       ; 0         ; 16   ; 0            ; |temporizador       ; work         ;
+----------------------------+-------------------+--------------+-------------+--------------+---------+-----------+------+--------------+---------------------+--------------+
Note: For table entries with two numbers listed, the numbers in parentheses indicate the number of resources of the given type used by the specific entity alone. The numbers listed outside of parentheses indicate the total resources of the given type used by the specific entity and all of its sub-entities in the hierarchy.


+---------------------------------------------------------------------------------------------------+
; User-Specified and Inferred Latches                                                               ;
+----------------------------------------------------+---------------------+------------------------+
; Latch Name                                         ; Latch Enable Signal ; Free of Timing Hazards ;
+----------------------------------------------------+---------------------+------------------------+
; tempo_limite_enchendo[2]                           ; GND                 ; yes                    ;
; tempo_limite_enchendo[1]                           ; GND                 ; yes                    ;
; tempo_limite_enchendo[0]                           ; GND                 ; yes                    ;
; Number of user-specified and inferred latches = 3  ;                     ;                        ;
+----------------------------------------------------+---------------------+------------------------+
Note: All latches listed above may not be present at the end of synthesis due to various synthesis optimizations.


+---------------------------------------------------------------------------------+
; Registers Removed During Synthesis                                              ;
+----------------------------------------+----------------------------------------+
; Register name                          ; Reason for Removal                     ;
+----------------------------------------+----------------------------------------+
; state[3..9,11..31]                     ; Merged with state[10]                  ;
; state[10]                              ; Stuck at GND due to stuck port data_in ;
; Total Number of Removed Registers = 29 ;                                        ;
+----------------------------------------+----------------------------------------+


+------------------------------------------------------+
; General Register Statistics                          ;
+----------------------------------------------+-------+
; Statistic                                    ; Value ;
+----------------------------------------------+-------+
; Total registers                              ; 40    ;
; Number of registers using Synchronous Clear  ; 0     ;
; Number of registers using Synchronous Load   ; 0     ;
; Number of registers using Asynchronous Clear ; 36    ;
; Number of registers using Asynchronous Load  ; 0     ;
; Number of registers using Clock Enable       ; 38    ;
; Number of registers using Preset             ; 0     ;
+----------------------------------------------+-------+


+--------------------------------------------------+
; Inverted Register Statistics                     ;
+----------------------------------------+---------+
; Inverted Register                      ; Fan out ;
+----------------------------------------+---------+
; counter[0]                             ; 4       ;
; Total number of inverted registers = 1 ;         ;
+----------------------------------------+---------+


+------------------------------------------------------------------------------------------------------------------------------------------------------+
; Multiplexer Restructuring Statistics (Restructuring Performed)                                                                                       ;
+--------------------+-----------+---------------+----------------------+------------------------+------------+----------------------------------------+
; Multiplexer Inputs ; Bus Width ; Baseline Area ; Area if Restructured ; Saving if Restructured ; Registered ; Example Multiplexer Output             ;
+--------------------+-----------+---------------+----------------------+------------------------+------------+----------------------------------------+
; 15:1               ; 35 bits   ; 350 LEs       ; 35 LEs               ; 315 LEs                ; Yes        ; |temporizador|counter_out[0]~reg0      ;
; 17:1               ; 2 bits    ; 22 LEs        ; 8 LEs                ; 14 LEs                 ; Yes        ; |temporizador|state[2]                 ;
; 3:1                ; 3 bits    ; 6 LEs         ; 3 LEs                ; 3 LEs                  ; No         ; |temporizador|tempo_limite_enchendo[2] ;
+--------------------+-----------+---------------+----------------------+------------------------+------------+----------------------------------------+


+------------------------------------------------------------------------------+
; Parameter Settings for User Entity Instance: Top-level Entity: |Temporizador ;
+----------------+-------+-----------------------------------------------------+
; Parameter Name ; Value ; Type                                                ;
+----------------+-------+-----------------------------------------------------+
; DATA_WIDTH     ; 4     ; Signed Integer                                      ;
+----------------+-------+-----------------------------------------------------+
Note: In order to hide this table in the UI and the text report file, please set the "Show Parameter Settings in Synthesis Report" option in "Analysis and Synthesis Settings -> More Settings" to "Off".


+-------------------------------+
; Elapsed Time Per Partition    ;
+----------------+--------------+
; Partition Name ; Elapsed Time ;
+----------------+--------------+
; Top            ; 00:00:00     ;
+----------------+--------------+


+-------------------------------+
; Analysis & Synthesis Messages ;
+-------------------------------+
Info: *******************************************************************
Info: Running Quartus II 64-Bit Analysis & Synthesis
    Info: Version 13.0.1 Build 232 06/12/2013 Service Pack 1 SJ Web Edition
    Info: Processing started: Fri Jan 24 20:15:06 2025
Info: Command: quartus_map --read_settings_files=on --write_settings_files=off Temporizador -c Temporizador
Warning (20028): Parallel compilation is not licensed and has been disabled
Info (12021): Found 2 design units, including 1 entities, in source file temporizador.vhd
    Info (12022): Found design unit 1: temporizador-temp
    Info (12023): Found entity 1: temporizador
Info (12021): Found 2 design units, including 1 entities, in source file tb_temporizador.vhd
    Info (12022): Found design unit 1: tb_temporizador-behavior
    Info (12023): Found entity 1: tb_temporizador
Info (12127): Elaborating entity "Temporizador" for the top level hierarchy
Warning (10492): VHDL Process Statement warning at Temporizador.vhd(35): signal "vol_agua" is read inside the Process Statement but isn't in the Process Statement's sensitivity list
Warning (10492): VHDL Process Statement warning at Temporizador.vhd(38): signal "vol_agua" is read inside the Process Statement but isn't in the Process Statement's sensitivity list
Warning (10492): VHDL Process Statement warning at Temporizador.vhd(41): signal "vol_agua" is read inside the Process Statement but isn't in the Process Statement's sensitivity list
Warning (10492): VHDL Process Statement warning at Temporizador.vhd(44): signal "vol_agua" is read inside the Process Statement but isn't in the Process Statement's sensitivity list
Warning (10492): VHDL Process Statement warning at Temporizador.vhd(49): signal "modo_lav" is read inside the Process Statement but isn't in the Process Statement's sensitivity list
Warning (10492): VHDL Process Statement warning at Temporizador.vhd(55): signal "modo_lav" is read inside the Process Statement but isn't in the Process Statement's sensitivity list
Warning (10492): VHDL Process Statement warning at Temporizador.vhd(61): signal "modo_lav" is read inside the Process Statement but isn't in the Process Statement's sensitivity list
Warning (10492): VHDL Process Statement warning at Temporizador.vhd(67): signal "modo_lav" is read inside the Process Statement but isn't in the Process Statement's sensitivity list
Warning (10631): VHDL Process Statement warning at Temporizador.vhd(27): inferring latch(es) for signal or variable "tempo_limite_enchendo", which holds its previous value in one or more paths through the process
Warning (10631): VHDL Process Statement warning at Temporizador.vhd(27): inferring latch(es) for signal or variable "tempo_limite_molho", which holds its previous value in one or more paths through the process
Warning (10631): VHDL Process Statement warning at Temporizador.vhd(27): inferring latch(es) for signal or variable "tempo_limite_lavagem", which holds its previous value in one or more paths through the process
Warning (10631): VHDL Process Statement warning at Temporizador.vhd(27): inferring latch(es) for signal or variable "tempo_limite_enxague", which holds its previous value in one or more paths through the process
Warning (10631): VHDL Process Statement warning at Temporizador.vhd(27): inferring latch(es) for signal or variable "tempo_limite_centrifuga", which holds its previous value in one or more paths through the process
Info (10041): Inferred latch for "tempo_limite_centrifuga[0]" at Temporizador.vhd(49)
Info (10041): Inferred latch for "tempo_limite_centrifuga[1]" at Temporizador.vhd(49)
Info (10041): Inferred latch for "tempo_limite_centrifuga[2]" at Temporizador.vhd(49)
Info (10041): Inferred latch for "tempo_limite_centrifuga[3]" at Temporizador.vhd(49)
Info (10041): Inferred latch for "tempo_limite_centrifuga[4]" at Temporizador.vhd(49)
Info (10041): Inferred latch for "tempo_limite_centrifuga[5]" at Temporizador.vhd(49)
Info (10041): Inferred latch for "tempo_limite_centrifuga[6]" at Temporizador.vhd(49)
Info (10041): Inferred latch for "tempo_limite_centrifuga[7]" at Temporizador.vhd(49)
Info (10041): Inferred latch for "tempo_limite_centrifuga[8]" at Temporizador.vhd(49)
Info (10041): Inferred latch for "tempo_limite_centrifuga[9]" at Temporizador.vhd(49)
Info (10041): Inferred latch for "tempo_limite_centrifuga[10]" at Temporizador.vhd(49)
Info (10041): Inferred latch for "tempo_limite_centrifuga[11]" at Temporizador.vhd(49)
Info (10041): Inferred latch for "tempo_limite_centrifuga[12]" at Temporizador.vhd(49)
Info (10041): Inferred latch for "tempo_limite_centrifuga[13]" at Temporizador.vhd(49)
Info (10041): Inferred latch for "tempo_limite_centrifuga[14]" at Temporizador.vhd(49)
Info (10041): Inferred latch for "tempo_limite_centrifuga[15]" at Temporizador.vhd(49)
Info (10041): Inferred latch for "tempo_limite_centrifuga[16]" at Temporizador.vhd(49)
Info (10041): Inferred latch for "tempo_limite_centrifuga[17]" at Temporizador.vhd(49)
Info (10041): Inferred latch for "tempo_limite_centrifuga[18]" at Temporizador.vhd(49)
Info (10041): Inferred latch for "tempo_limite_centrifuga[19]" at Temporizador.vhd(49)
Info (10041): Inferred latch for "tempo_limite_centrifuga[20]" at Temporizador.vhd(49)
Info (10041): Inferred latch for "tempo_limite_centrifuga[21]" at Temporizador.vhd(49)
Info (10041): Inferred latch for "tempo_limite_centrifuga[22]" at Temporizador.vhd(49)
Info (10041): Inferred latch for "tempo_limite_centrifuga[23]" at Temporizador.vhd(49)
Info (10041): Inferred latch for "tempo_limite_centrifuga[24]" at Temporizador.vhd(49)
Info (10041): Inferred latch for "tempo_limite_centrifuga[25]" at Temporizador.vhd(49)
Info (10041): Inferred latch for "tempo_limite_centrifuga[26]" at Temporizador.vhd(49)
Info (10041): Inferred latch for "tempo_limite_centrifuga[27]" at Temporizador.vhd(49)
Info (10041): Inferred latch for "tempo_limite_centrifuga[28]" at Temporizador.vhd(49)
Info (10041): Inferred latch for "tempo_limite_centrifuga[29]" at Temporizador.vhd(49)
Info (10041): Inferred latch for "tempo_limite_centrifuga[30]" at Temporizador.vhd(49)
Info (10041): Inferred latch for "tempo_limite_centrifuga[31]" at Temporizador.vhd(49)
Info (10041): Inferred latch for "tempo_limite_enxague[0]" at Temporizador.vhd(49)
Info (10041): Inferred latch for "tempo_limite_enxague[1]" at Temporizador.vhd(49)
Info (10041): Inferred latch for "tempo_limite_enxague[2]" at Temporizador.vhd(49)
Info (10041): Inferred latch for "tempo_limite_enxague[3]" at Temporizador.vhd(49)
Info (10041): Inferred latch for "tempo_limite_enxague[4]" at Temporizador.vhd(49)
Info (10041): Inferred latch for "tempo_limite_enxague[5]" at Temporizador.vhd(49)
Info (10041): Inferred latch for "tempo_limite_enxague[6]" at Temporizador.vhd(49)
Info (10041): Inferred latch for "tempo_limite_enxague[7]" at Temporizador.vhd(49)
Info (10041): Inferred latch for "tempo_limite_enxague[8]" at Temporizador.vhd(49)
Info (10041): Inferred latch for "tempo_limite_enxague[9]" at Temporizador.vhd(49)
Info (10041): Inferred latch for "tempo_limite_enxague[10]" at Temporizador.vhd(49)
Info (10041): Inferred latch for "tempo_limite_enxague[11]" at Temporizador.vhd(49)
Info (10041): Inferred latch for "tempo_limite_enxague[12]" at Temporizador.vhd(49)
Info (10041): Inferred latch for "tempo_limite_enxague[13]" at Temporizador.vhd(49)
Info (10041): Inferred latch for "tempo_limite_enxague[14]" at Temporizador.vhd(49)
Info (10041): Inferred latch for "tempo_limite_enxague[15]" at Temporizador.vhd(49)
Info (10041): Inferred latch for "tempo_limite_enxague[16]" at Temporizador.vhd(49)
Info (10041): Inferred latch for "tempo_limite_enxague[17]" at Temporizador.vhd(49)
Info (10041): Inferred latch for "tempo_limite_enxague[18]" at Temporizador.vhd(49)
Info (10041): Inferred latch for "tempo_limite_enxague[19]" at Temporizador.vhd(49)
Info (10041): Inferred latch for "tempo_limite_enxague[20]" at Temporizador.vhd(49)
Info (10041): Inferred latch for "tempo_limite_enxague[21]" at Temporizador.vhd(49)
Info (10041): Inferred latch for "tempo_limite_enxague[22]" at Temporizador.vhd(49)
Info (10041): Inferred latch for "tempo_limite_enxague[23]" at Temporizador.vhd(49)
Info (10041): Inferred latch for "tempo_limite_enxague[24]" at Temporizador.vhd(49)
Info (10041): Inferred latch for "tempo_limite_enxague[25]" at Temporizador.vhd(49)
Info (10041): Inferred latch for "tempo_limite_enxague[26]" at Temporizador.vhd(49)
Info (10041): Inferred latch for "tempo_limite_enxague[27]" at Temporizador.vhd(49)
Info (10041): Inferred latch for "tempo_limite_enxague[28]" at Temporizador.vhd(49)
Info (10041): Inferred latch for "tempo_limite_enxague[29]" at Temporizador.vhd(49)
Info (10041): Inferred latch for "tempo_limite_enxague[30]" at Temporizador.vhd(49)
Info (10041): Inferred latch for "tempo_limite_enxague[31]" at Temporizador.vhd(49)
Info (10041): Inferred latch for "tempo_limite_lavagem[0]" at Temporizador.vhd(49)
Info (10041): Inferred latch for "tempo_limite_lavagem[1]" at Temporizador.vhd(49)
Info (10041): Inferred latch for "tempo_limite_lavagem[2]" at Temporizador.vhd(49)
Info (10041): Inferred latch for "tempo_limite_lavagem[3]" at Temporizador.vhd(49)
Info (10041): Inferred latch for "tempo_limite_lavagem[4]" at Temporizador.vhd(49)
Info (10041): Inferred latch for "tempo_limite_lavagem[5]" at Temporizador.vhd(49)
Info (10041): Inferred latch for "tempo_limite_lavagem[6]" at Temporizador.vhd(49)
Info (10041): Inferred latch for "tempo_limite_lavagem[7]" at Temporizador.vhd(49)
Info (10041): Inferred latch for "tempo_limite_lavagem[8]" at Temporizador.vhd(49)
Info (10041): Inferred latch for "tempo_limite_lavagem[9]" at Temporizador.vhd(49)
Info (10041): Inferred latch for "tempo_limite_lavagem[10]" at Temporizador.vhd(49)
Info (10041): Inferred latch for "tempo_limite_lavagem[11]" at Temporizador.vhd(49)
Info (10041): Inferred latch for "tempo_limite_lavagem[12]" at Temporizador.vhd(49)
Info (10041): Inferred latch for "tempo_limite_lavagem[13]" at Temporizador.vhd(49)
Info (10041): Inferred latch for "tempo_limite_lavagem[14]" at Temporizador.vhd(49)
Info (10041): Inferred latch for "tempo_limite_lavagem[15]" at Temporizador.vhd(49)
Info (10041): Inferred latch for "tempo_limite_lavagem[16]" at Temporizador.vhd(49)
Info (10041): Inferred latch for "tempo_limite_lavagem[17]" at Temporizador.vhd(49)
Info (10041): Inferred latch for "tempo_limite_lavagem[18]" at Temporizador.vhd(49)
Info (10041): Inferred latch for "tempo_limite_lavagem[19]" at Temporizador.vhd(49)
Info (10041): Inferred latch for "tempo_limite_lavagem[20]" at Temporizador.vhd(49)
Info (10041): Inferred latch for "tempo_limite_lavagem[21]" at Temporizador.vhd(49)
Info (10041): Inferred latch for "tempo_limite_lavagem[22]" at Temporizador.vhd(49)
Info (10041): Inferred latch for "tempo_limite_lavagem[23]" at Temporizador.vhd(49)
Info (10041): Inferred latch for "tempo_limite_lavagem[24]" at Temporizador.vhd(49)
Info (10041): Inferred latch for "tempo_limite_lavagem[25]" at Temporizador.vhd(49)
Info (10041): Inferred latch for "tempo_limite_lavagem[26]" at Temporizador.vhd(49)
Info (10041): Inferred latch for "tempo_limite_lavagem[27]" at Temporizador.vhd(49)
Info (10041): Inferred latch for "tempo_limite_lavagem[28]" at Temporizador.vhd(49)
Info (10041): Inferred latch for "tempo_limite_lavagem[29]" at Temporizador.vhd(49)
Info (10041): Inferred latch for "tempo_limite_lavagem[30]" at Temporizador.vhd(49)
Info (10041): Inferred latch for "tempo_limite_lavagem[31]" at Temporizador.vhd(49)
Info (10041): Inferred latch for "tempo_limite_molho[0]" at Temporizador.vhd(49)
Info (10041): Inferred latch for "tempo_limite_molho[1]" at Temporizador.vhd(49)
Info (10041): Inferred latch for "tempo_limite_molho[2]" at Temporizador.vhd(49)
Info (10041): Inferred latch for "tempo_limite_molho[3]" at Temporizador.vhd(49)
Info (10041): Inferred latch for "tempo_limite_molho[4]" at Temporizador.vhd(49)
Info (10041): Inferred latch for "tempo_limite_molho[5]" at Temporizador.vhd(49)
Info (10041): Inferred latch for "tempo_limite_molho[6]" at Temporizador.vhd(49)
Info (10041): Inferred latch for "tempo_limite_molho[7]" at Temporizador.vhd(49)
Info (10041): Inferred latch for "tempo_limite_molho[8]" at Temporizador.vhd(49)
Info (10041): Inferred latch for "tempo_limite_molho[9]" at Temporizador.vhd(49)
Info (10041): Inferred latch for "tempo_limite_molho[10]" at Temporizador.vhd(49)
Info (10041): Inferred latch for "tempo_limite_molho[11]" at Temporizador.vhd(49)
Info (10041): Inferred latch for "tempo_limite_molho[12]" at Temporizador.vhd(49)
Info (10041): Inferred latch for "tempo_limite_molho[13]" at Temporizador.vhd(49)
Info (10041): Inferred latch for "tempo_limite_molho[14]" at Temporizador.vhd(49)
Info (10041): Inferred latch for "tempo_limite_molho[15]" at Temporizador.vhd(49)
Info (10041): Inferred latch for "tempo_limite_molho[16]" at Temporizador.vhd(49)
Info (10041): Inferred latch for "tempo_limite_molho[17]" at Temporizador.vhd(49)
Info (10041): Inferred latch for "tempo_limite_molho[18]" at Temporizador.vhd(49)
Info (10041): Inferred latch for "tempo_limite_molho[19]" at Temporizador.vhd(49)
Info (10041): Inferred latch for "tempo_limite_molho[20]" at Temporizador.vhd(49)
Info (10041): Inferred latch for "tempo_limite_molho[21]" at Temporizador.vhd(49)
Info (10041): Inferred latch for "tempo_limite_molho[22]" at Temporizador.vhd(49)
Info (10041): Inferred latch for "tempo_limite_molho[23]" at Temporizador.vhd(49)
Info (10041): Inferred latch for "tempo_limite_molho[24]" at Temporizador.vhd(49)
Info (10041): Inferred latch for "tempo_limite_molho[25]" at Temporizador.vhd(49)
Info (10041): Inferred latch for "tempo_limite_molho[26]" at Temporizador.vhd(49)
Info (10041): Inferred latch for "tempo_limite_molho[27]" at Temporizador.vhd(49)
Info (10041): Inferred latch for "tempo_limite_molho[28]" at Temporizador.vhd(49)
Info (10041): Inferred latch for "tempo_limite_molho[29]" at Temporizador.vhd(49)
Info (10041): Inferred latch for "tempo_limite_molho[30]" at Temporizador.vhd(49)
Info (10041): Inferred latch for "tempo_limite_molho[31]" at Temporizador.vhd(49)
Info (10041): Inferred latch for "tempo_limite_enchendo[0]" at Temporizador.vhd(35)
Info (10041): Inferred latch for "tempo_limite_enchendo[1]" at Temporizador.vhd(35)
Info (10041): Inferred latch for "tempo_limite_enchendo[2]" at Temporizador.vhd(35)
Info (10041): Inferred latch for "tempo_limite_enchendo[3]" at Temporizador.vhd(35)
Info (10041): Inferred latch for "tempo_limite_enchendo[4]" at Temporizador.vhd(35)
Info (10041): Inferred latch for "tempo_limite_enchendo[5]" at Temporizador.vhd(35)
Info (10041): Inferred latch for "tempo_limite_enchendo[6]" at Temporizador.vhd(35)
Info (10041): Inferred latch for "tempo_limite_enchendo[7]" at Temporizador.vhd(35)
Info (10041): Inferred latch for "tempo_limite_enchendo[8]" at Temporizador.vhd(35)
Info (10041): Inferred latch for "tempo_limite_enchendo[9]" at Temporizador.vhd(35)
Info (10041): Inferred latch for "tempo_limite_enchendo[10]" at Temporizador.vhd(35)
Info (10041): Inferred latch for "tempo_limite_enchendo[11]" at Temporizador.vhd(35)
Info (10041): Inferred latch for "tempo_limite_enchendo[12]" at Temporizador.vhd(35)
Info (10041): Inferred latch for "tempo_limite_enchendo[13]" at Temporizador.vhd(35)
Info (10041): Inferred latch for "tempo_limite_enchendo[14]" at Temporizador.vhd(35)
Info (10041): Inferred latch for "tempo_limite_enchendo[15]" at Temporizador.vhd(35)
Info (10041): Inferred latch for "tempo_limite_enchendo[16]" at Temporizador.vhd(35)
Info (10041): Inferred latch for "tempo_limite_enchendo[17]" at Temporizador.vhd(35)
Info (10041): Inferred latch for "tempo_limite_enchendo[18]" at Temporizador.vhd(35)
Info (10041): Inferred latch for "tempo_limite_enchendo[19]" at Temporizador.vhd(35)
Info (10041): Inferred latch for "tempo_limite_enchendo[20]" at Temporizador.vhd(35)
Info (10041): Inferred latch for "tempo_limite_enchendo[21]" at Temporizador.vhd(35)
Info (10041): Inferred latch for "tempo_limite_enchendo[22]" at Temporizador.vhd(35)
Info (10041): Inferred latch for "tempo_limite_enchendo[23]" at Temporizador.vhd(35)
Info (10041): Inferred latch for "tempo_limite_enchendo[24]" at Temporizador.vhd(35)
Info (10041): Inferred latch for "tempo_limite_enchendo[25]" at Temporizador.vhd(35)
Info (10041): Inferred latch for "tempo_limite_enchendo[26]" at Temporizador.vhd(35)
Info (10041): Inferred latch for "tempo_limite_enchendo[27]" at Temporizador.vhd(35)
Info (10041): Inferred latch for "tempo_limite_enchendo[28]" at Temporizador.vhd(35)
Info (10041): Inferred latch for "tempo_limite_enchendo[29]" at Temporizador.vhd(35)
Info (10041): Inferred latch for "tempo_limite_enchendo[30]" at Temporizador.vhd(35)
Info (10041): Inferred latch for "tempo_limite_enchendo[31]" at Temporizador.vhd(35)
Info (13000): Registers with preset signals will power-up high
Info (13003): DEV_CLRn pin will set, and not reset, register with preset signal due to NOT Gate Push-Back
Critical Warning (18061): Ignored Power-Up Level option on the following registers
    Critical Warning (18010): Register counter[0] will power up to High
Info (16010): Generating hard_block partition "hard_block:auto_generated_inst"
    Info (16011): Adding 0 node(s), including 0 DDIO, 0 PLL, 0 transceiver and 0 LCELL
Warning (21074): Design contains 4 input pin(s) that do not drive logic
    Warning (15610): No output dependent on input pin "modo_lav[0]"
    Warning (15610): No output dependent on input pin "modo_lav[1]"
    Warning (15610): No output dependent on input pin "modo_lav[2]"
    Warning (15610): No output dependent on input pin "modo_lav[3]"
Info (21057): Implemented 130 device resources after synthesis - the final resource count might be different
    Info (21058): Implemented 11 input pins
    Info (21059): Implemented 5 output pins
    Info (21061): Implemented 114 logic cells
Info: Quartus II 64-Bit Analysis & Synthesis was successful. 0 errors, 21 warnings
    Info: Peak virtual memory: 4650 megabytes
    Info: Processing ended: Fri Jan 24 20:15:07 2025
    Info: Elapsed time: 00:00:01
    Info: Total CPU time (on all processors): 00:00:01


